<?xml version="1.0" encoding="UTF-8"?>
<!-- Generated by org.testng.reporters.JUnitReportReporter -->
<testsuite hostname="DESKTOP-5GHS52D" failures="0" tests="1" name="com.timeTracking.actitime.Automation.module.ClassBTest" time="0.019" errors="0" timestamp="2022-10-20T22:48:50 IST" skipped="0">
  <testcase classname="com.timeTracking.actitime.Automation.module.ClassBTest" name="demo1Test" time="0.019"/>
  <system-out/>
</testsuite> <!-- com.timeTracking.actitime.Automation.module.ClassBTest -->
