<?xml version="1.0" encoding="UTF-8"?>
<!-- Generated by org.testng.reporters.JUnitReportReporter -->
<testsuite hostname="DESKTOP-5GHS52D" failures="0" tests="1" name="com.timeTracking.actitime.Automation.module.TestCaeName" time="80.269" errors="0" timestamp="2022-10-19T15:37:52 IST" skipped="0">
  <testcase classname="com.timeTracking.actitime.Automation.module.TestCaeName" name="testCaseName" time="80.269"/>
  <system-out/>
</testsuite> <!-- com.timeTracking.actitime.Automation.module.TestCaeName -->
