<?xml version="1.0" encoding="UTF-8"?>
<!-- Generated by org.testng.reporters.JUnitReportReporter -->
<testsuite hostname="DESKTOP-5GHS52D" failures="0" tests="1" name="com.timeTracking.actitime.Automation.module.ClassB" time="0.003" errors="0" timestamp="2022-10-20T15:17:25 IST" skipped="0">
  <testcase classname="com.timeTracking.actitime.Automation.module.ClassB" name="demo1" time="0.003"/>
  <system-out/>
</testsuite> <!-- com.timeTracking.actitime.Automation.module.ClassB -->
