<?xml version="1.0" encoding="UTF-8"?>
<!-- Generated by org.testng.reporters.JUnitReportReporter -->
<testsuite hostname="DESKTOP-5GHS52D" failures="0" tests="2" name="com.timeTracking.actitime.Automation.module.ClassA" time="0.015" errors="0" timestamp="2022-10-20T15:17:25 IST" skipped="0">
  <testcase classname="com.timeTracking.actitime.Automation.module.ClassA" name="demo1" time="0.010"/>
  <system-out/>
  <testcase classname="com.timeTracking.actitime.Automation.module.ClassA" name="demo2" time="0.005"/>
  <system-out/>
</testsuite> <!-- com.timeTracking.actitime.Automation.module.ClassA -->
